<?xml version="1.0" encoding="UTF-8"?>
<!-- Generated by org.testng.reporters.JUnitReportReporter -->
<testsuite skipped="0" hostname="sumeetsingh01" name="com.maruti.subscribe.PriceFilter" tests="2" failures="0" timestamp="05 May 2020 08:18:27 GMT" time="5.461" errors="0">
  <testcase name="priceFilterTest" time="4.612" classname="com.maruti.subscribe.PriceFilter"/>
  <testcase name="priceFilterTest" time="0.849" classname="com.maruti.subscribe.PriceFilter"/>
</testsuite> <!-- com.maruti.subscribe.PriceFilter -->
