<?xml version="1.0" encoding="UTF-8"?>
<!-- Generated by org.testng.reporters.JUnitReportReporter -->
<testsuite skipped="0" hostname="sumeetsingh01" name="com.maruti.subscribe.CategoryFilter" tests="1" failures="0" timestamp="27 Apr 2020 11:26:48 GMT" time="2.995" errors="0">
  <testcase name="CategoryFilterTest" time="2.995" classname="com.maruti.subscribe.CategoryFilter"/>
</testsuite> <!-- com.maruti.subscribe.CategoryFilter -->
