<?xml version="1.0" encoding="UTF-8"?>
<!-- Generated by org.testng.reporters.JUnitReportReporter -->
<testsuite skipped="0" hostname="sumeetsingh01" name="com.maruti.subscribe.common.GenerateAuthToken" tests="1" failures="0" timestamp="07 May 2020 07:00:20 GMT" time="6.402" errors="0">
  <testcase name="getToken" time="6.402" classname="com.maruti.subscribe.common.GenerateAuthToken"/>
</testsuite> <!-- com.maruti.subscribe.common.GenerateAuthToken -->
