<?xml version="1.0" encoding="UTF-8"?>
<!-- Generated by org.testng.reporters.JUnitReportReporter -->
<testsuite skipped="0" hostname="sumeetsingh01" name="com.maruti.subscribe.sprint14.PriceFilter" tests="2" failures="0" timestamp="08 May 2020 07:43:48 GMT" time="14.054" errors="0">
  <testcase name="priceFilterTest" time="4.572" classname="com.maruti.subscribe.sprint14.PriceFilter"/>
  <testcase name="priceFilterTest" time="9.482" classname="com.maruti.subscribe.sprint14.PriceFilter"/>
</testsuite> <!-- com.maruti.subscribe.sprint14.PriceFilter -->
